<?xml version="1.0" encoding="UTF-8"?>
<!-- Generated by org.testng.reporters.JUnitXMLReporter -->
<testsuite ignored="0" hostname="JIBUPC-LAPTOP" failures="0" tests="5" name="LoginTests" time="42.443" errors="0" timestamp="2025-12-04T14:59:26 IST">
  <testcase classname="com.practice.tests.ap.LoginPageTest" name="testInvalidLogin" time="1.596"/>
  <testcase classname="com.practice.tests.ap.LoginPageTest" name="testValidLogin" time="1.991"/>
  <testcase classname="com.practice.tests.ap.LoginPageTest" name="verifyForgotPasswordNavigation" time="1.318"/>
  <testcase classname="com.practice.tests.ap.LoginPageTest" name="verifyForgotPasswordWithInValidEmail" time="2.017"/>
  <testcase classname="com.practice.tests.ap.LoginPageTest" name="verifyForgotPasswordWithValidEmail" time="4.023"/>
</testsuite> <!-- LoginTests -->
