<?xml version="1.0" encoding="UTF-8"?>
<!-- Generated by org.testng.reporters.JUnitXMLReporter -->
<testsuite ignored="4" hostname="JIBUPC-LAPTOP" failures="1" tests="1" name="LoginPageTest" time="0.058" errors="0" timestamp="2025-11-14T16:44:33 IST">
  <testcase classname="com.practice.tests.LoginPageTest" name="verifyForgotPasswordWithInValidEmail" time="0.013">
    <failure type="java.lang.NullPointerException" message="Cannot invoke &amp;quot;org.openqa.selenium.WebDriver.findElement(org.openqa.selenium.By)&amp;quot; because &amp;quot;this.driver&amp;quot; is null">
      <![CDATA[java.lang.NullPointerException: Cannot invoke "org.openqa.selenium.WebDriver.findElement(org.openqa.selenium.By)" because "this.driver" is null
at com.practice.utils.HomePage.signIN(HomePage.java:18)
at com.practice.tests.LoginPageTest.verifyForgotPasswordWithInValidEmail(LoginPageTest.java:73)
at java.base/java.util.ArrayList.forEach(ArrayList.java:1596)
... Removed 25 stack frames]]>
    </failure>
  </testcase> <!-- verifyForgotPasswordWithInValidEmail -->
  <testcase classname="com.practice.tests.LoginPageTest" name="testInvalidLogin" time="0.0">
    <ignored/>
  </testcase> <!-- testInvalidLogin -->
  <testcase classname="com.practice.tests.LoginPageTest" name="testValidLogin" time="0.0">
    <ignored/>
  </testcase> <!-- testValidLogin -->
  <testcase classname="com.practice.tests.LoginPageTest" name="verifyForgotPasswordWithValidEmail" time="0.0">
    <ignored/>
  </testcase> <!-- verifyForgotPasswordWithValidEmail -->
  <testcase classname="com.practice.tests.LoginPageTest" name="verifyForgotPasswordNavigation" time="0.0">
    <ignored/>
  </testcase> <!-- verifyForgotPasswordNavigation -->
</testsuite> <!-- LoginPageTest -->
