<?xml version="1.0" encoding="UTF-8"?>
<!-- Generated by org.testng.reporters.JUnitXMLReporter -->
<testsuite ignored="0" hostname="JIBUPC-LAPTOP" failures="0" tests="5" name="LoginTests" time="67.781" errors="0" timestamp="2025-11-15T15:27:42 IST">
  <testcase classname="com.practice.tests.LoginPageTest" name="testInvalidLogin" time="2.628"/>
  <testcase classname="com.practice.tests.LoginPageTest" name="testValidLogin" time="2.912"/>
  <testcase classname="com.practice.tests.LoginPageTest" name="verifyForgotPasswordNavigation" time="2.031"/>
  <testcase classname="com.practice.tests.LoginPageTest" name="verifyForgotPasswordWithInValidEmail" time="3.039"/>
  <testcase classname="com.practice.tests.LoginPageTest" name="verifyForgotPasswordWithValidEmail" time="4.353"/>
</testsuite> <!-- LoginTests -->
