<?xml version="1.0" encoding="UTF-8"?>
<!-- Generated by org.testng.reporters.JUnitXMLReporter -->
<testsuite ignored="0" hostname="JIBUPC-LAPTOP" failures="0" tests="5" name="Default test" time="64.814" errors="0" timestamp="2025-11-15T15:30:52 IST">
  <testcase classname="com.practice.tests.LoginPageTest" name="testInvalidLogin" time="2.48"/>
  <testcase classname="com.practice.tests.LoginPageTest" name="testValidLogin" time="2.881"/>
  <testcase classname="com.practice.tests.LoginPageTest" name="verifyForgotPasswordNavigation" time="2.062"/>
  <testcase classname="com.practice.tests.LoginPageTest" name="verifyForgotPasswordWithInValidEmail" time="3.107"/>
  <testcase classname="com.practice.tests.LoginPageTest" name="verifyForgotPasswordWithValidEmail" time="4.154"/>
</testsuite> <!-- Default test -->
