<?xml version="1.0" encoding="UTF-8"?>
<!-- Generated by org.testng.reporters.JUnitXMLReporter -->
<testsuite ignored="0" hostname="JIBUPC-LAPTOP" failures="0" tests="3" name="Test" time="28.907" errors="0" timestamp="2025-11-25T10:40:37 IST">
  <testcase classname="com.practice.tests.RegistrationNegativeTest" name="testInvalidNames" time="2.757"/>
  <testcase classname="com.practice.tests.RegistrationNegativeTest" name="testRequiredFieldEmpty" time="2.561"/>
  <testcase classname="com.practice.tests.RegistrationNegativeTest" name="testWeakPassword" time="2.653"/>
</testsuite> <!-- Test -->
