<?xml version="1.0" encoding="UTF-8"?>
<testng-results ignored="0" total="5" passed="5" failed="0" skipped="0">
  <reporter-output>
  </reporter-output>
  <suite started-at="2025-11-15T15:29:47 IST" name="Default suite" finished-at="2025-11-15T15:30:52 IST" duration-ms="64814">
    <groups>
    </groups>
    <test started-at="2025-11-15T15:29:47 IST" name="Default test" finished-at="2025-11-15T15:30:52 IST" duration-ms="64814">
      <class name="com.practice.tests.LoginPageTest">
        <test-method is-config="true" signature="setUp()[pri:0, instance:com.practice.tests.LoginPageTest@3b69e7d1]" started-at="2025-11-15T15:29:47 IST" name="setUp" finished-at="2025-11-15T15:29:57 IST" duration-ms="10084" status="PASS">
          <reporter-output>
          </reporter-output>
        </test-method> <!-- setUp -->
        <test-method signature="testInvalidLogin()[pri:0, instance:com.practice.tests.LoginPageTest@3b69e7d1]" started-at="2025-11-15T15:29:57 IST" name="testInvalidLogin" finished-at="2025-11-15T15:30:00 IST" duration-ms="2480" status="PASS">
          <reporter-output>
          </reporter-output>
        </test-method> <!-- testInvalidLogin -->
        <test-method is-config="true" signature="tearDown()[pri:0, instance:com.practice.tests.LoginPageTest@3b69e7d1]" started-at="2025-11-15T15:30:00 IST" name="tearDown" finished-at="2025-11-15T15:30:01 IST" duration-ms="584" status="PASS">
          <reporter-output>
          </reporter-output>
        </test-method> <!-- tearDown -->
        <test-method is-config="true" signature="setUp()[pri:0, instance:com.practice.tests.LoginPageTest@3b69e7d1]" started-at="2025-11-15T15:30:01 IST" name="setUp" finished-at="2025-11-15T15:30:10 IST" duration-ms="9395" status="PASS">
          <reporter-output>
          </reporter-output>
        </test-method> <!-- setUp -->
        <test-method signature="testValidLogin()[pri:0, instance:com.practice.tests.LoginPageTest@3b69e7d1]" started-at="2025-11-15T15:30:10 IST" name="testValidLogin" finished-at="2025-11-15T15:30:13 IST" duration-ms="2881" status="PASS">
          <reporter-output>
          </reporter-output>
        </test-method> <!-- testValidLogin -->
        <test-method is-config="true" signature="tearDown()[pri:0, instance:com.practice.tests.LoginPageTest@3b69e7d1]" started-at="2025-11-15T15:30:13 IST" name="tearDown" finished-at="2025-11-15T15:30:13 IST" duration-ms="517" status="PASS">
          <reporter-output>
          </reporter-output>
        </test-method> <!-- tearDown -->
        <test-method is-config="true" signature="setUp()[pri:0, instance:com.practice.tests.LoginPageTest@3b69e7d1]" started-at="2025-11-15T15:30:13 IST" name="setUp" finished-at="2025-11-15T15:30:23 IST" duration-ms="9387" status="PASS">
          <reporter-output>
          </reporter-output>
        </test-method> <!-- setUp -->
        <test-method signature="verifyForgotPasswordNavigation()[pri:0, instance:com.practice.tests.LoginPageTest@3b69e7d1]" started-at="2025-11-15T15:30:23 IST" name="verifyForgotPasswordNavigation" finished-at="2025-11-15T15:30:25 IST" duration-ms="2062" status="PASS">
          <reporter-output>
          </reporter-output>
        </test-method> <!-- verifyForgotPasswordNavigation -->
        <test-method is-config="true" signature="tearDown()[pri:0, instance:com.practice.tests.LoginPageTest@3b69e7d1]" started-at="2025-11-15T15:30:25 IST" name="tearDown" finished-at="2025-11-15T15:30:25 IST" duration-ms="576" status="PASS">
          <reporter-output>
          </reporter-output>
        </test-method> <!-- tearDown -->
        <test-method is-config="true" signature="setUp()[pri:0, instance:com.practice.tests.LoginPageTest@3b69e7d1]" started-at="2025-11-15T15:30:25 IST" name="setUp" finished-at="2025-11-15T15:30:35 IST" duration-ms="9246" status="PASS">
          <reporter-output>
          </reporter-output>
        </test-method> <!-- setUp -->
        <test-method signature="verifyForgotPasswordWithInValidEmail()[pri:0, instance:com.practice.tests.LoginPageTest@3b69e7d1]" started-at="2025-11-15T15:30:35 IST" name="verifyForgotPasswordWithInValidEmail" finished-at="2025-11-15T15:30:38 IST" duration-ms="3107" status="PASS">
          <reporter-output>
          </reporter-output>
        </test-method> <!-- verifyForgotPasswordWithInValidEmail -->
        <test-method is-config="true" signature="tearDown()[pri:0, instance:com.practice.tests.LoginPageTest@3b69e7d1]" started-at="2025-11-15T15:30:38 IST" name="tearDown" finished-at="2025-11-15T15:30:38 IST" duration-ms="539" status="PASS">
          <reporter-output>
          </reporter-output>
        </test-method> <!-- tearDown -->
        <test-method is-config="true" signature="setUp()[pri:0, instance:com.practice.tests.LoginPageTest@3b69e7d1]" started-at="2025-11-15T15:30:38 IST" name="setUp" finished-at="2025-11-15T15:30:47 IST" duration-ms="9157" status="PASS">
          <reporter-output>
          </reporter-output>
        </test-method> <!-- setUp -->
        <test-method signature="verifyForgotPasswordWithValidEmail()[pri:0, instance:com.practice.tests.LoginPageTest@3b69e7d1]" started-at="2025-11-15T15:30:47 IST" name="verifyForgotPasswordWithValidEmail" finished-at="2025-11-15T15:30:52 IST" duration-ms="4154" status="PASS">
          <reporter-output>
          </reporter-output>
        </test-method> <!-- verifyForgotPasswordWithValidEmail -->
        <test-method is-config="true" signature="tearDown()[pri:0, instance:com.practice.tests.LoginPageTest@3b69e7d1]" started-at="2025-11-15T15:30:52 IST" name="tearDown" finished-at="2025-11-15T15:30:52 IST" duration-ms="566" status="PASS">
          <reporter-output>
          </reporter-output>
        </test-method> <!-- tearDown -->
      </class> <!-- com.practice.tests.LoginPageTest -->
    </test> <!-- Default test -->
  </suite> <!-- Default suite -->
</testng-results>
