<?xml version="1.0" encoding="UTF-8"?>
<testng-results ignored="0" total="1" passed="1" failed="0" skipped="0">
  <reporter-output>
  </reporter-output>
  <suite started-at="2025-11-27T11:06:23 IST" name="Default suite" finished-at="2025-11-27T11:06:29 IST" duration-ms="5409">
    <groups>
    </groups>
    <test started-at="2025-11-27T11:06:23 IST" name="Default test" finished-at="2025-11-27T11:06:29 IST" duration-ms="5409">
      <class name="com.practice.tests.dws.HomePageTest">
        <test-method is-config="true" signature="setUp()[pri:0, instance:com.practice.tests.dws.HomePageTest@5b12b668]" started-at="2025-11-27T11:06:23 IST" name="setUp" finished-at="2025-11-27T11:06:25 IST" duration-ms="1624" status="PASS">
          <reporter-output>
          </reporter-output>
        </test-method> <!-- setUp -->
        <test-method is-config="true" signature="launchSite()[pri:0, instance:com.practice.tests.dws.HomePageTest@5b12b668]" started-at="2025-11-27T11:06:25 IST" name="launchSite" finished-at="2025-11-27T11:06:28 IST" duration-ms="2993" status="PASS">
          <reporter-output>
          </reporter-output>
        </test-method> <!-- launchSite -->
        <test-method signature="testHomePage()[pri:0, instance:com.practice.tests.dws.HomePageTest@5b12b668]" started-at="2025-11-27T11:06:28 IST" name="testHomePage" finished-at="2025-11-27T11:06:29 IST" duration-ms="547" status="PASS">
          <reporter-output>
          </reporter-output>
        </test-method> <!-- testHomePage -->
        <test-method is-config="true" signature="tearDown()[pri:0, instance:com.practice.tests.dws.HomePageTest@5b12b668]" started-at="2025-11-27T11:06:29 IST" name="tearDown" finished-at="2025-11-27T11:06:29 IST" duration-ms="201" status="PASS">
          <reporter-output>
          </reporter-output>
        </test-method> <!-- tearDown -->
      </class> <!-- com.practice.tests.dws.HomePageTest -->
    </test> <!-- Default test -->
  </suite> <!-- Default suite -->
</testng-results>
