<?xml version="1.0" encoding="UTF-8"?>
<!-- Generated by org.testng.reporters.JUnitReportReporter -->
<testsuite hostname="JIBUPC-LAPTOP" failures="0" tests="3" name="com.practice.tests.RegistrationNegativeTest" time="28.874" errors="0" timestamp="2025-11-25T10:40:37 IST" skipped="0">
  <testcase classname="com.practice.tests.RegistrationNegativeTest" name="testRequiredFieldEmpty" time="8.356"/>
  <testcase classname="com.practice.tests.RegistrationNegativeTest" name="testInvalidNames" time="12.002"/>
  <testcase classname="com.practice.tests.RegistrationNegativeTest" name="testWeakPassword" time="8.516"/>
</testsuite> <!-- com.practice.tests.RegistrationNegativeTest -->
