<?xml version="1.0" encoding="UTF-8"?>
<!-- Generated by org.testng.reporters.JUnitReportReporter -->
<testsuite hostname="JIBUPC-LAPTOP" failures="0" tests="5" name="com.practice.tests.LoginPageTest" time="64.735" errors="0" timestamp="2025-11-15T15:30:52 IST" skipped="0">
  <testcase classname="com.practice.tests.LoginPageTest" name="verifyForgotPasswordNavigation" time="12.015"/>
  <testcase classname="com.practice.tests.LoginPageTest" name="verifyForgotPasswordWithInValidEmail" time="12.929"/>
  <testcase classname="com.practice.tests.LoginPageTest" name="testInvalidLogin" time="13.103"/>
  <testcase classname="com.practice.tests.LoginPageTest" name="verifyForgotPasswordWithValidEmail" time="13.895"/>
  <testcase classname="com.practice.tests.LoginPageTest" name="testValidLogin" time="12.793"/>
</testsuite> <!-- com.practice.tests.LoginPageTest -->
